<?xml version="1.0" encoding="UTF-8"?>
<!-- Generated by org.testng.reporters.JUnitReportReporter -->
<testsuite hostname="DESKTOP-QH9CKDR" name="com.qa.rest.test.GETCallBDD" tests="1" failures="0" timestamp="17 Feb 2022 17:08:02 GMT" time="7.791" errors="0">
  <testcase name="test_userfirstname" time="7.791" classname="com.qa.rest.test.GETCallBDD"/>
</testsuite> <!-- com.qa.rest.test.GETCallBDD -->
