<?xml version="1.0" encoding="UTF-8"?>
<!-- Generated by org.testng.reporters.JUnitReportReporter -->
<testsuite hostname="DESKTOP-QH9CKDR" name="com.qa.rest.test.PUTCallBDD" tests="1" failures="0" timestamp="17 Feb 2022 17:08:02 GMT" time="0.349" errors="0">
  <testcase name="UpdateUser" time="0.349" classname="com.qa.rest.test.PUTCallBDD"/>
</testsuite> <!-- com.qa.rest.test.PUTCallBDD -->
